<?xml version="1.0" encoding="UTF-8"?>
<testsuite xmlns:xsi="http://www.w3.org/2001/XMLSchema-instance" xsi:noNamespaceSchemaLocation="https://maven.apache.org/surefire/maven-surefire-plugin/xsd/surefire-test-report-3.0.xsd" version="3.0" name="BeerApiTests" time="2.038" tests="5" errors="0" skipped="0" failures="0">
  <properties>
[...]
</properties>
  <testcase name="beerList_invalidMethod_returns405" classname="BeerApiTests" time="1.034"/>
  <testcase name="beerList_multipleRequests_underThreshold" classname="BeerApiTests" time="0.151"/>
  <testcase name="beerList_returns200_andNotEmpty" classname="BeerApiTests" time="0.674"/>
  <testcase name="invalidEndpoint_returns404" classname="BeerApiTests" time="0.011"/>
  <testcase name="beerItem_hasExpectedFields" classname="BeerApiTests" time="0.114"/>
</testsuite>